 # m(i) =    2.2320000000000002     
 # m(i) =    2.0041948891156647     
 # m(i) =    3.4866997050062709     
 # m(i) =   0.99129532148658439     
 # y(i,j) =    1.2874636997094906        1.6291093596191086        1.1994198335615411       -1.0536888332711408E-002   2.2414097576899938E-002  -2.4720076021229175E-003
 # y(i,j) =    1.2874636997094906        1.6291093596191086        1.0774138850302486        4.0777495132188465E-002  -6.2720960104857754E-002  -2.8217408864950454E-003
 # y(i,j) =   0.99585664387374839        2.0137535399389681       0.11009222026406365       -7.4395143364112890E-003   1.8641925079064845E-002   7.2937824410691018E-003
 # y(i,j) =   -8.6699303698513503       -13.732282950783402       -5.9915466624077087       -8.5584495196623367E-003  -3.7115013461755592E-004  -2.9775672670851291E-004
 # d =    64.099999999999994       pc
 # m_ofb(i) =    2.2320000000000002     
 # m_ofb(i) =    4.2361948891156649     
 # m_ofb(i) =    7.7228945941219358     
 # m_ofb(i) =    8.7141899156085199     
 # y_ofb(i,j) =    1.2874636997094906        1.6291093596191086        1.1994198335615411       -1.0536888332711408E-002   2.2414097576899938E-002  -2.4720076021229175E-003
 # y_ofb(i,j) =    1.2874636997094906        1.6291093596191086        1.1416973479609858        1.3740565318610830E-002  -1.7864324912289575E-002  -2.6374706366242831E-003
 # y_ofb(i,j) =    1.1558101826028222        1.8027668831951009       0.67595263908440839        4.1782727629953859E-003  -1.3826379587189475E-003   1.8462493927403206E-003
 # y_ofb(i,j) =    3.8068805134959229E-002   3.5554742006823216E-002  -8.2518421059185110E-002   2.7293884338556698E-003  -1.2675746932309659E-003   1.6023548648460635E-003
 # y_jac(i,j) =    0.0000000000000000        0.0000000000000000        0.0000000000000000        0.0000000000000000        0.0000000000000000        0.0000000000000000     
 # y_jac(i,j) =    0.0000000000000000        0.0000000000000000      -0.12200594853129254        5.1314383464899874E-002  -8.5135057681757692E-002  -3.4973328437212792E-004
 # y_jac(i,j) =  -0.29160705583574220       0.38464418031985947       -1.0316051276969220       -2.1180079655022117E-002   3.6506249991354420E-002   9.9312530776933840E-003
 # y_jac(i,j) =   -9.8257405524541728       -15.535049833978503       -6.6674993014921169       -1.2736722282657723E-002   1.0114878241013914E-003  -2.1440061194488336E-003
# t [JD] & id & a [AU] & e [] & i [deg] & Omega [deg] & omega [deg] & M [deg]      & t [Besselian year] & a [arcsec] & P [yr] & P [day] & n [deg/yr] & varpi [deg] wrt. P.A. direction  & omega0 [deg] & tau [JD] & tau [Besselian year]
      2456224.72470500    1     0.1175092924284488     0.0384275498220071   269.9999999897104885   275.0515598759302520   301.0790900381193751   174.5492802524047420           2012.8139     378.127991932571       0.019571330498       7.148428464269   18394.252758804472     233.869350065371     174.948440113780       2456221.25872432    2012.8044
      2456224.72470500    2     1.0713614163410188     0.2111935808765465   272.9613937218045407   306.4282755571417738   120.8187887283207687    95.8308975495263127           2012.8139    3447.169746619059       0.399037718718     145.748526761816     902.170354111929      22.752935704248     143.571724432569       2456185.92689351    2012.7077
      2456224.72470500    3    26.8865184699349733     0.5433217950770537   340.0627956677394081   356.5384622887948467   147.9033680781920452    32.9448547004952701           2012.8139   81919.587232070800      47.226780841838   17249.581702481366       7.622793541775     305.558169612434      93.461537700916       2454646.15536380    2008.4920
